#
# There is insufficient memory for the Java Runtime Environment to continue.
# Native memory allocation (malloc) failed to allocate 656816 bytes for Chunk::new
# Possible reasons:
#   The system is out of physical RAM or swap space
#   The process is running with CompressedOops enabled, and the Java Heap may be blocking the growth of the native heap
# Possible solutions:
#   Reduce memory load on the system
#   Increase physical memory or swap space
#   Check if swap backing store is full
#   Decrease Java heap size (-Xmx/-Xms)
#   Decrease number of Java threads
#   Decrease Java thread stack sizes (-Xss)
#   Set larger code cache with -XX:ReservedCodeCacheSize=
#   JVM is running with Unscaled Compressed Oops mode in which the Java heap is
#     placed in the first 4GB address space. The Java Heap base address is the
#     maximum limit for the native heap growth. Please use -XX:HeapBaseMinAddress
#     to set the Java Heap base and to place the Java Heap above 4GB virtual address.
# This output file may be truncated or incomplete.
#
#  Out of Memory Error (arena.cpp:189), pid=14388, tid=27148
#
# JRE version: OpenJDK Runtime Environment (17.0.6) (build 17.0.6+0-b2043.56-9586694)
# Java VM: OpenJDK 64-Bit Server VM (17.0.6+0-b2043.56-9586694, mixed mode, tiered, compressed oops, compressed class ptrs, g1 gc, windows-amd64)
# No core dump will be written. Minidumps are not enabled by default on client versions of Windows
#

---------------  S U M M A R Y ------------

Command Line: --add-opens=java.base/java.util=ALL-UNNAMED --add-opens=java.base/java.lang=ALL-UNNAMED --add-opens=java.base/java.lang.invoke=ALL-UNNAMED --add-opens=java.prefs/java.util.prefs=ALL-UNNAMED --add-opens=java.base/java.nio.charset=ALL-UNNAMED --add-opens=java.base/java.net=ALL-UNNAMED --add-opens=java.base/java.util.concurrent.atomic=ALL-UNNAMED -Xmx2048m -Dfile.encoding=UTF-8 -Duser.country=US -Duser.language=en -Duser.variant org.gradle.launcher.daemon.bootstrap.GradleDaemon 8.0

Host: AMD Ryzen 5 5500U with Radeon Graphics         , 12 cores, 15G,  Windows 11 , 64 bit Build 22621 (10.0.22621.3374)
Time: Thu Apr 11 23:11:50 2024 SE Asia Standard Time elapsed time: 6.633686 seconds (0d 0h 0m 6s)

---------------  T H R E A D  ---------------

Current thread (0x00000230ed09c340):  JavaThread "C2 CompilerThread0" daemon [_thread_in_native, id=27148, stack(0x000000eb09100000,0x000000eb09200000)]


Current CompileTask:
C2:   6633 2793   !   4       java.net.URL::<init> (543 bytes)

Stack: [0x000000eb09100000,0x000000eb09200000]
Native frames: (J=compiled Java code, j=interpreted, Vv=VM code, C=native code)
V  [jvm.dll+0x683b4a]
V  [jvm.dll+0x842654]
V  [jvm.dll+0x843dfe]
V  [jvm.dll+0x844463]
V  [jvm.dll+0x249b75]
V  [jvm.dll+0xabcac]
V  [jvm.dll+0xac27c]
V  [jvm.dll+0x2b0eef]
V  [jvm.dll+0x58a207]
V  [jvm.dll+0x2243b2]
V  [jvm.dll+0x22478f]
V  [jvm.dll+0x21e055]
V  [jvm.dll+0x21b51b]
V  [jvm.dll+0x1a4fdd]
V  [jvm.dll+0x22b098]
V  [jvm.dll+0x229159]
V  [jvm.dll+0x7f809c]
V  [jvm.dll+0x7f25fa]
V  [jvm.dll+0x682985]
C  [ucrtbase.dll+0x29333]
C  [KERNEL32.DLL+0x1257d]
C  [ntdll.dll+0x5aa48]


---------------  P R O C E S S  ---------------

Threads class SMR info:
_java_thread_list=0x00000230ef822780, length=35, elements={
0x00000230d24f30f0, 0x00000230ed02f590, 0x00000230ed030c10, 0x00000230ed095410,
0x00000230ed096030, 0x00000230ed096be0, 0x00000230ed0995a0, 0x00000230ed09c340,
0x00000230ed09cde0, 0x00000230ed09d7d0, 0x00000230ed209100, 0x00000230ed22fcb0,
0x00000230efd24d80, 0x00000230ee234bd0, 0x00000230eea962b0, 0x00000230ee14cf60,
0x00000230f0094a50, 0x00000230ee27bb40, 0x00000230f0071830, 0x00000230efcbca20,
0x00000230efcbd3c0, 0x00000230efcbdd60, 0x00000230efcbe230, 0x00000230efcbcef0,
0x00000230efcbd890, 0x00000230f0e35180, 0x00000230f0e334a0, 0x00000230f0e3a350,
0x00000230f0e35ff0, 0x00000230f0e35b20, 0x00000230f0e381a0, 0x00000230f0e37800,
0x00000230f0e38670, 0x00000230f0e33970, 0x00000230f0e37cd0
}

Java Threads: ( => current thread )
  0x00000230d24f30f0 JavaThread "main" [_thread_blocked, id=23844, stack(0x000000eb08400000,0x000000eb08500000)]
  0x00000230ed02f590 JavaThread "Reference Handler" daemon [_thread_blocked, id=1640, stack(0x000000eb08b00000,0x000000eb08c00000)]
  0x00000230ed030c10 JavaThread "Finalizer" daemon [_thread_blocked, id=12788, stack(0x000000eb08c00000,0x000000eb08d00000)]
  0x00000230ed095410 JavaThread "Signal Dispatcher" daemon [_thread_blocked, id=14072, stack(0x000000eb08d00000,0x000000eb08e00000)]
  0x00000230ed096030 JavaThread "Attach Listener" daemon [_thread_blocked, id=22792, stack(0x000000eb08e00000,0x000000eb08f00000)]
  0x00000230ed096be0 JavaThread "Service Thread" daemon [_thread_blocked, id=23156, stack(0x000000eb08f00000,0x000000eb09000000)]
  0x00000230ed0995a0 JavaThread "Monitor Deflation Thread" daemon [_thread_blocked, id=1084, stack(0x000000eb09000000,0x000000eb09100000)]
=>0x00000230ed09c340 JavaThread "C2 CompilerThread0" daemon [_thread_in_native, id=27148, stack(0x000000eb09100000,0x000000eb09200000)]
  0x00000230ed09cde0 JavaThread "C1 CompilerThread0" daemon [_thread_in_native, id=12884, stack(0x000000eb09200000,0x000000eb09300000)]
  0x00000230ed09d7d0 JavaThread "Sweeper thread" daemon [_thread_blocked, id=3112, stack(0x000000eb09300000,0x000000eb09400000)]
  0x00000230ed209100 JavaThread "Common-Cleaner" daemon [_thread_blocked, id=24112, stack(0x000000eb09400000,0x000000eb09500000)]
  0x00000230ed22fcb0 JavaThread "Notification Thread" daemon [_thread_blocked, id=16212, stack(0x000000eb09500000,0x000000eb09600000)]
  0x00000230efd24d80 JavaThread "Daemon health stats" [_thread_blocked, id=27032, stack(0x000000eb09d00000,0x000000eb09e00000)]
  0x00000230ee234bd0 JavaThread "Incoming local TCP Connector on port 58529" [_thread_in_native, id=27500, stack(0x000000eb09800000,0x000000eb09900000)]
  0x00000230eea962b0 JavaThread "Daemon periodic checks" [_thread_blocked, id=27592, stack(0x000000eb09700000,0x000000eb09800000)]
  0x00000230ee14cf60 JavaThread "Daemon" [_thread_blocked, id=27504, stack(0x000000eb09f00000,0x000000eb0a000000)]
  0x00000230f0094a50 JavaThread "Handler for socket connection from /127.0.0.1:58529 to /127.0.0.1:58530" [_thread_in_native, id=27612, stack(0x000000eb0a000000,0x000000eb0a100000)]
  0x00000230ee27bb40 JavaThread "Cancel handler" [_thread_blocked, id=27308, stack(0x000000eb0a100000,0x000000eb0a200000)]
  0x00000230f0071830 JavaThread "Daemon worker" [_thread_in_Java, id=27444, stack(0x000000eb0a200000,0x000000eb0a300000)]
  0x00000230efcbca20 JavaThread "Asynchronous log dispatcher for DefaultDaemonConnection: socket connection from /127.0.0.1:58529 to /127.0.0.1:58530" [_thread_blocked, id=27220, stack(0x000000eb0a300000,0x000000eb0a400000)]
  0x00000230efcbd3c0 JavaThread "Stdin handler" [_thread_blocked, id=27568, stack(0x000000eb0a400000,0x000000eb0a500000)]
  0x00000230efcbdd60 JavaThread "Daemon client event forwarder" [_thread_blocked, id=27524, stack(0x000000eb0a500000,0x000000eb0a600000)]
  0x00000230efcbe230 JavaThread "Cache worker for journal cache (C:\Users\manht\.gradle\caches\journal-1)" [_thread_blocked, id=15988, stack(0x000000eb0ac00000,0x000000eb0ad00000)]
  0x00000230efcbcef0 JavaThread "File lock request listener" [_thread_in_native, id=27248, stack(0x000000eb0ad00000,0x000000eb0ae00000)]
  0x00000230efcbd890 JavaThread "Cache worker for file hash cache (C:\Users\manht\.gradle\caches\8.0\fileHashes)" [_thread_blocked, id=3808, stack(0x000000eb0ae00000,0x000000eb0af00000)]
  0x00000230f0e35180 JavaThread "File watcher server" daemon [_thread_in_native, id=26656, stack(0x000000eb0af00000,0x000000eb0b000000)]
  0x00000230f0e334a0 JavaThread "File watcher consumer" daemon [_thread_blocked, id=26680, stack(0x000000eb0b000000,0x000000eb0b100000)]
  0x00000230f0e3a350 JavaThread "Cache worker for checksums cache (E:\Mobile\Lab2\Lab2_2\.gradle\8.0\checksums)" [_thread_blocked, id=20156, stack(0x000000eb0b100000,0x000000eb0b200000)]
  0x00000230f0e35ff0 JavaThread "Cache worker for cache directory md-rule (C:\Users\manht\.gradle\caches\8.0\md-rule)" [_thread_blocked, id=20672, stack(0x000000eb0b200000,0x000000eb0b300000)]
  0x00000230f0e35b20 JavaThread "Cache worker for file content cache (C:\Users\manht\.gradle\caches\8.0\fileContent)" [_thread_blocked, id=360, stack(0x000000eb0b300000,0x000000eb0b400000)]
  0x00000230f0e381a0 JavaThread "Cache worker for file hash cache (E:\Mobile\Lab2\Lab2_2\.gradle\8.0\fileHashes)" [_thread_blocked, id=328, stack(0x000000eb0b400000,0x000000eb0b500000)]
  0x00000230f0e37800 JavaThread "Cache worker for cache directory md-supplier (C:\Users\manht\.gradle\caches\8.0\md-supplier)" [_thread_blocked, id=6900, stack(0x000000eb0b500000,0x000000eb0b600000)]
  0x00000230f0e38670 JavaThread "Cache worker for execution history cache (C:\Users\manht\.gradle\caches\8.0\executionHistory)" [_thread_blocked, id=24156, stack(0x000000eb0b600000,0x000000eb0b700000)]
  0x00000230f0e33970 JavaThread "jar transforms" [_thread_blocked, id=7304, stack(0x000000eb0b700000,0x000000eb0b800000)]
  0x00000230f0e37cd0 JavaThread "jar transforms Thread 2" [_thread_blocked, id=11620, stack(0x000000eb0b800000,0x000000eb0b900000)]

Other Threads:
  0x00000230ed0639e0 VMThread "VM Thread" [stack: 0x000000eb08a00000,0x000000eb08b00000] [id=27132]
  0x00000230d25728b0 WatcherThread [stack: 0x000000eb09600000,0x000000eb09700000] [id=22756]
  0x00000230d254e290 GCTaskThread "GC Thread#0" [stack: 0x000000eb08500000,0x000000eb08600000] [id=2524]
  0x00000230ee344b60 GCTaskThread "GC Thread#1" [stack: 0x000000eb09900000,0x000000eb09a00000] [id=27404]
  0x00000230ed9ca810 GCTaskThread "GC Thread#2" [stack: 0x000000eb09a00000,0x000000eb09b00000] [id=27516]
  0x00000230ed9caac0 GCTaskThread "GC Thread#3" [stack: 0x000000eb09b00000,0x000000eb09c00000] [id=24384]
  0x00000230edeff580 GCTaskThread "GC Thread#4" [stack: 0x000000eb09c00000,0x000000eb09d00000] [id=7004]
  0x00000230ee029470 GCTaskThread "GC Thread#5" [stack: 0x000000eb09e00000,0x000000eb09f00000] [id=27292]
  0x00000230ee028f10 GCTaskThread "GC Thread#6" [stack: 0x000000eb0a600000,0x000000eb0a700000] [id=27572]
  0x00000230ee028700 GCTaskThread "GC Thread#7" [stack: 0x000000eb0a700000,0x000000eb0a800000] [id=27420]
  0x00000230ee027990 GCTaskThread "GC Thread#8" [stack: 0x000000eb0a800000,0x000000eb0a900000] [id=27556]
  0x00000230ee027ef0 GCTaskThread "GC Thread#9" [stack: 0x000000eb0a900000,0x000000eb0aa00000] [id=27532]
  0x00000230d255f1d0 ConcurrentGCThread "G1 Main Marker" [stack: 0x000000eb08600000,0x000000eb08700000] [id=27540]
  0x00000230d255fbe0 ConcurrentGCThread "G1 Conc#0" [stack: 0x000000eb08700000,0x000000eb08800000] [id=8592]
  0x00000230ee028c60 ConcurrentGCThread "G1 Conc#1" [stack: 0x000000eb0aa00000,0x000000eb0ab00000] [id=27560]
  0x00000230ee027c40 ConcurrentGCThread "G1 Conc#2" [stack: 0x000000eb0ab00000,0x000000eb0ac00000] [id=27460]
  0x00000230d25ad5e0 ConcurrentGCThread "G1 Refine#0" [stack: 0x000000eb08800000,0x000000eb08900000] [id=17788]
  0x00000230d25ae000 ConcurrentGCThread "G1 Service" [stack: 0x000000eb08900000,0x000000eb08a00000] [id=21828]

Threads with active compile tasks:
C2 CompilerThread0     6661 2793   !   4       java.net.URL::<init> (543 bytes)
C1 CompilerThread0     6661 2871       3       java.util.HashMap::putMapEntries (167 bytes)

VM state: not at safepoint (normal execution)

VM Mutex/Monitor currently owned by a thread: None

Heap address: 0x0000000080000000, size: 2048 MB, Compressed Oops mode: 32-bit

CDS archive(s) not mapped
Compressed class space mapped at: 0x0000000100000000-0x0000000140000000, reserved size: 1073741824
Narrow klass base: 0x0000000000000000, Narrow klass shift: 3, Narrow klass range: 0x140000000

GC Precious Log:
 CPUs: 12 total, 12 available
 Memory: 15733M
 Large Page Support: Disabled
 NUMA Support: Disabled
 Compressed Oops: Enabled (32-bit)
 Heap Region Size: 1M
 Heap Min Capacity: 8M
 Heap Initial Capacity: 246M
 Heap Max Capacity: 2G
 Pre-touch: Disabled
 Parallel Workers: 10
 Concurrent Workers: 3
 Concurrent Refinement Workers: 10
 Periodic GC: Disabled

Heap:
 garbage-first heap   total 68608K, used 45444K [0x0000000080000000, 0x0000000100000000)
  region size 1024K, 26 young (26624K), 2 survivors (2048K)
 Metaspace       used 34127K, committed 34432K, reserved 1081344K
  class space    used 4708K, committed 4864K, reserved 1048576K

Heap Regions: E=young(eden), S=young(survivor), O=old, HS=humongous(starts), HC=humongous(continues), CS=collection set, F=free, OA=open archive, CA=closed archive, TAMS=top-at-mark-start (previous, next)
|   0|0x0000000080000000, 0x0000000080100000, 0x0000000080100000|100%|HS|  |TAMS 0x0000000080100000, 0x0000000080000000| Complete 
|   1|0x0000000080100000, 0x0000000080200000, 0x0000000080200000|100%|HC|  |TAMS 0x0000000080200000, 0x0000000080100000| Complete 
|   2|0x0000000080200000, 0x0000000080300000, 0x0000000080300000|100%|HC|  |TAMS 0x0000000080300000, 0x0000000080200000| Complete 
|   3|0x0000000080300000, 0x0000000080400000, 0x0000000080400000|100%|HC|  |TAMS 0x0000000080400000, 0x0000000080300000| Complete 
|   4|0x0000000080400000, 0x0000000080500000, 0x0000000080500000|100%| O|  |TAMS 0x0000000080500000, 0x0000000080400000| Untracked 
|   5|0x0000000080500000, 0x0000000080600000, 0x0000000080600000|100%| O|  |TAMS 0x0000000080600000, 0x0000000080500000| Untracked 
|   6|0x0000000080600000, 0x0000000080700000, 0x0000000080700000|100%| O|  |TAMS 0x0000000080700000, 0x0000000080600000| Untracked 
|   7|0x0000000080700000, 0x0000000080800000, 0x0000000080800000|100%| O|  |TAMS 0x0000000080700000, 0x0000000080700000| Untracked 
|   8|0x0000000080800000, 0x0000000080900000, 0x0000000080900000|100%| O|  |TAMS 0x0000000080900000, 0x0000000080800000| Untracked 
|   9|0x0000000080900000, 0x0000000080a00000, 0x0000000080a00000|100%| O|  |TAMS 0x0000000080a00000, 0x0000000080900000| Untracked 
|  10|0x0000000080a00000, 0x0000000080a00000, 0x0000000080b00000|  0%| F|  |TAMS 0x0000000080a00000, 0x0000000080a00000| Untracked 
|  11|0x0000000080b00000, 0x0000000080c00000, 0x0000000080c00000|100%| O|  |TAMS 0x0000000080b00000, 0x0000000080b00000| Untracked 
|  12|0x0000000080c00000, 0x0000000080d00000, 0x0000000080d00000|100%| O|  |TAMS 0x0000000080c00000, 0x0000000080c00000| Untracked 
|  13|0x0000000080d00000, 0x0000000080e00000, 0x0000000080e00000|100%| O|  |TAMS 0x0000000080d00000, 0x0000000080d00000| Untracked 
|  14|0x0000000080e00000, 0x0000000080f00000, 0x0000000080f00000|100%| O|  |TAMS 0x0000000080e00000, 0x0000000080e00000| Untracked 
|  15|0x0000000080f00000, 0x0000000081000000, 0x0000000081000000|100%| O|  |TAMS 0x0000000080f00000, 0x0000000080f00000| Untracked 
|  16|0x0000000081000000, 0x0000000081100000, 0x0000000081100000|100%| O|  |TAMS 0x0000000081000000, 0x0000000081000000| Untracked 
|  17|0x0000000081100000, 0x0000000081200000, 0x0000000081200000|100%| O|  |TAMS 0x0000000081100000, 0x0000000081100000| Untracked 
|  18|0x0000000081200000, 0x0000000081300000, 0x0000000081300000|100%| O|  |TAMS 0x0000000081200000, 0x0000000081200000| Untracked 
|  19|0x0000000081300000, 0x0000000081400000, 0x0000000081400000|100%| O|  |TAMS 0x0000000081300000, 0x0000000081300000| Untracked 
|  20|0x0000000081400000, 0x00000000814cb400, 0x0000000081500000| 79%| O|  |TAMS 0x0000000081400000, 0x0000000081400000| Untracked 
|  21|0x0000000081500000, 0x0000000081500000, 0x0000000081600000|  0%| F|  |TAMS 0x0000000081500000, 0x0000000081500000| Untracked 
|  22|0x0000000081600000, 0x0000000081600000, 0x0000000081700000|  0%| F|  |TAMS 0x0000000081600000, 0x0000000081600000| Untracked 
|  23|0x0000000081700000, 0x0000000081700000, 0x0000000081800000|  0%| F|  |TAMS 0x0000000081700000, 0x0000000081700000| Untracked 
|  24|0x0000000081800000, 0x0000000081800000, 0x0000000081900000|  0%| F|  |TAMS 0x0000000081800000, 0x0000000081800000| Untracked 
|  25|0x0000000081900000, 0x0000000081900000, 0x0000000081a00000|  0%| F|  |TAMS 0x0000000081900000, 0x0000000081900000| Untracked 
|  26|0x0000000081a00000, 0x0000000081a00000, 0x0000000081b00000|  0%| F|  |TAMS 0x0000000081a00000, 0x0000000081a00000| Untracked 
|  27|0x0000000081b00000, 0x0000000081b00000, 0x0000000081c00000|  0%| F|  |TAMS 0x0000000081b00000, 0x0000000081b00000| Untracked 
|  28|0x0000000081c00000, 0x0000000081c00000, 0x0000000081d00000|  0%| F|  |TAMS 0x0000000081c00000, 0x0000000081c00000| Untracked 
|  29|0x0000000081d00000, 0x0000000081d00000, 0x0000000081e00000|  0%| F|  |TAMS 0x0000000081d00000, 0x0000000081d00000| Untracked 
|  30|0x0000000081e00000, 0x0000000081e00000, 0x0000000081f00000|  0%| F|  |TAMS 0x0000000081e00000, 0x0000000081e00000| Untracked 
|  31|0x0000000081f00000, 0x0000000081f00000, 0x0000000082000000|  0%| F|  |TAMS 0x0000000081f00000, 0x0000000081f00000| Untracked 
|  32|0x0000000082000000, 0x0000000082000000, 0x0000000082100000|  0%| F|  |TAMS 0x0000000082000000, 0x0000000082000000| Untracked 
|  33|0x0000000082100000, 0x0000000082100000, 0x0000000082200000|  0%| F|  |TAMS 0x0000000082100000, 0x0000000082100000| Untracked 
|  34|0x0000000082200000, 0x0000000082200000, 0x0000000082300000|  0%| F|  |TAMS 0x0000000082200000, 0x0000000082200000| Untracked 
|  35|0x0000000082300000, 0x0000000082300000, 0x0000000082400000|  0%| F|  |TAMS 0x0000000082300000, 0x0000000082300000| Untracked 
|  36|0x0000000082400000, 0x0000000082400000, 0x0000000082500000|  0%| F|  |TAMS 0x0000000082400000, 0x0000000082400000| Untracked 
|  37|0x0000000082500000, 0x0000000082500000, 0x0000000082600000|  0%| F|  |TAMS 0x0000000082500000, 0x0000000082500000| Untracked 
|  38|0x0000000082600000, 0x0000000082695ce0, 0x0000000082700000| 58%| S|CS|TAMS 0x0000000082600000, 0x0000000082600000| Complete 
|  39|0x0000000082700000, 0x0000000082800000, 0x0000000082800000|100%| S|CS|TAMS 0x0000000082700000, 0x0000000082700000| Complete 
|  40|0x0000000082800000, 0x0000000082800000, 0x0000000082900000|  0%| F|  |TAMS 0x0000000082800000, 0x0000000082800000| Untracked 
|  41|0x0000000082900000, 0x0000000082900000, 0x0000000082a00000|  0%| F|  |TAMS 0x0000000082900000, 0x0000000082900000| Untracked 
|  42|0x0000000082a00000, 0x0000000082a00000, 0x0000000082b00000|  0%| F|  |TAMS 0x0000000082a00000, 0x0000000082a00000| Untracked 
|  43|0x0000000082b00000, 0x0000000082b6ff28, 0x0000000082c00000| 43%| E|  |TAMS 0x0000000082b00000, 0x0000000082b00000| Complete 
|  44|0x0000000082c00000, 0x0000000082d00000, 0x0000000082d00000|100%| E|CS|TAMS 0x0000000082c00000, 0x0000000082c00000| Complete 
|  45|0x0000000082d00000, 0x0000000082e00000, 0x0000000082e00000|100%| E|CS|TAMS 0x0000000082d00000, 0x0000000082d00000| Complete 
|  46|0x0000000082e00000, 0x0000000082f00000, 0x0000000082f00000|100%| E|CS|TAMS 0x0000000082e00000, 0x0000000082e00000| Complete 
|  47|0x0000000082f00000, 0x0000000083000000, 0x0000000083000000|100%| E|CS|TAMS 0x0000000082f00000, 0x0000000082f00000| Complete 
|  48|0x0000000083000000, 0x0000000083100000, 0x0000000083100000|100%| E|CS|TAMS 0x0000000083000000, 0x0000000083000000| Complete 
|  49|0x0000000083100000, 0x0000000083200000, 0x0000000083200000|100%| E|CS|TAMS 0x0000000083100000, 0x0000000083100000| Complete 
|  50|0x0000000083200000, 0x0000000083300000, 0x0000000083300000|100%| E|CS|TAMS 0x0000000083200000, 0x0000000083200000| Complete 
|  51|0x0000000083300000, 0x0000000083400000, 0x0000000083400000|100%| E|CS|TAMS 0x0000000083300000, 0x0000000083300000| Complete 
|  52|0x0000000083400000, 0x0000000083500000, 0x0000000083500000|100%| E|CS|TAMS 0x0000000083400000, 0x0000000083400000| Complete 
|  53|0x0000000083500000, 0x0000000083600000, 0x0000000083600000|100%| E|CS|TAMS 0x0000000083500000, 0x0000000083500000| Complete 
|  54|0x0000000083600000, 0x0000000083700000, 0x0000000083700000|100%| E|CS|TAMS 0x0000000083600000, 0x0000000083600000| Complete 
|  55|0x0000000083700000, 0x0000000083800000, 0x0000000083800000|100%| E|CS|TAMS 0x0000000083700000, 0x0000000083700000| Complete 
|  56|0x0000000083800000, 0x0000000083900000, 0x0000000083900000|100%| E|CS|TAMS 0x0000000083800000, 0x0000000083800000| Complete 
| 196|0x000000008c400000, 0x000000008c500000, 0x000000008c500000|100%| E|CS|TAMS 0x000000008c400000, 0x000000008c400000| Complete 
| 197|0x000000008c500000, 0x000000008c600000, 0x000000008c600000|100%| E|CS|TAMS 0x000000008c500000, 0x000000008c500000| Complete 
| 198|0x000000008c600000, 0x000000008c700000, 0x000000008c700000|100%| E|CS|TAMS 0x000000008c600000, 0x000000008c600000| Complete 
| 199|0x000000008c700000, 0x000000008c800000, 0x000000008c800000|100%| E|CS|TAMS 0x000000008c700000, 0x000000008c700000| Complete 
| 200|0x000000008c800000, 0x000000008c900000, 0x000000008c900000|100%| E|CS|TAMS 0x000000008c800000, 0x000000008c800000| Complete 
| 201|0x000000008c900000, 0x000000008ca00000, 0x000000008ca00000|100%| E|CS|TAMS 0x000000008c900000, 0x000000008c900000| Complete 
| 202|0x000000008ca00000, 0x000000008cb00000, 0x000000008cb00000|100%| E|CS|TAMS 0x000000008ca00000, 0x000000008ca00000| Complete 
| 203|0x000000008cb00000, 0x000000008cc00000, 0x000000008cc00000|100%| E|CS|TAMS 0x000000008cb00000, 0x000000008cb00000| Complete 
| 204|0x000000008cc00000, 0x000000008cd00000, 0x000000008cd00000|100%| E|CS|TAMS 0x000000008cc00000, 0x000000008cc00000| Complete 
| 245|0x000000008f500000, 0x000000008f600000, 0x000000008f600000|100%| E|CS|TAMS 0x000000008f500000, 0x000000008f500000| Complete 

Card table byte_map: [0x00000230e5300000,0x00000230e5700000] _byte_map_base: 0x00000230e4f00000

Marking Bits (Prev, Next): (CMBitMap*) 0x00000230d254e8e0, (CMBitMap*) 0x00000230d254e8a0
 Prev Bits: [0x00000230e7b00000, 0x00000230e9b00000)
 Next Bits: [0x00000230e5b00000, 0x00000230e7b00000)

Polling page: 0x00000230d04b0000

Metaspace:

Usage:
  Non-class:     28.74 MB used.
      Class:      4.60 MB used.
       Both:     33.34 MB used.

Virtual space:
  Non-class space:       32.00 MB reserved,      28.94 MB ( 90%) committed,  4 nodes.
      Class space:        1.00 GB reserved,       4.75 MB ( <1%) committed,  1 nodes.
             Both:        1.03 GB reserved,      33.69 MB (  3%) committed. 

Chunk freelists:
   Non-Class:  2.86 MB
       Class:  3.12 MB
        Both:  5.98 MB

MaxMetaspaceSize: unlimited
CompressedClassSpaceSize: 1.00 GB
Initial GC threshold: 21.00 MB
Current GC threshold: 35.12 MB
CDS: off
MetaspaceReclaimPolicy: balanced
 - commit_granule_bytes: 65536.
 - commit_granule_words: 8192.
 - virtual_space_node_default_size: 1048576.
 - enlarge_chunks_in_place: 1.
 - new_chunks_are_fully_committed: 0.
 - uncommit_free_chunks: 1.
 - use_allocation_guard: 0.
 - handle_deallocations: 1.


Internal statistics:

num_allocs_failed_limit: 3.
num_arena_births: 274.
num_arena_deaths: 0.
num_vsnodes_births: 5.
num_vsnodes_deaths: 0.
num_space_committed: 539.
num_space_uncommitted: 0.
num_chunks_returned_to_freelist: 3.
num_chunks_taken_from_freelist: 1237.
num_chunk_merges: 3.
num_chunk_splits: 804.
num_chunks_enlarged: 580.
num_purges: 0.
num_inconsistent_stats: 0.

CodeHeap 'non-profiled nmethods': size=120000Kb used=1439Kb max_used=1439Kb free=118560Kb
 bounds [0x00000230dd480000, 0x00000230dd6f0000, 0x00000230e49b0000]
CodeHeap 'profiled nmethods': size=120000Kb used=6011Kb max_used=6011Kb free=113988Kb
 bounds [0x00000230d59b0000, 0x00000230d5f90000, 0x00000230dcee0000]
CodeHeap 'non-nmethods': size=5760Kb used=1231Kb max_used=1275Kb free=4528Kb
 bounds [0x00000230dcee0000, 0x00000230dd150000, 0x00000230dd480000]
 total_blobs=3404 nmethods=2863 adapters=453
 compilation: enabled
              stopped_count=0, restarted_count=0
 full_count=0

Compilation events (20 events):
Event: 6.589 Thread 0x00000230ed09cde0 2852       3       java.util.concurrent.locks.ReentrantLock::lockInterruptibly (8 bytes)
Event: 6.589 Thread 0x00000230ed09cde0 nmethod 2852 0x00000230d5f7bd10 code [0x00000230d5f7bf00, 0x00000230d5f7c3b8]
Event: 6.596 Thread 0x00000230ed09cde0 2853       3       java.util.concurrent.atomic.AtomicReferenceArray::length (6 bytes)
Event: 6.596 Thread 0x00000230ed09cde0 nmethod 2853 0x00000230d5f7c590 code [0x00000230d5f7c720, 0x00000230d5f7c838]
Event: 6.599 Thread 0x00000230ed09cde0 2855       3       jdk.internal.misc.Unsafe::getAndBitwiseAndInt (27 bytes)
Event: 6.600 Thread 0x00000230ed09cde0 nmethod 2855 0x00000230d5f7c910 code [0x00000230d5f7cac0, 0x00000230d5f7cd08]
Event: 6.603 Thread 0x00000230ed09cde0 2856       3       com.google.common.io.CountingInputStream::read (25 bytes)
Event: 6.603 Thread 0x00000230ed09cde0 nmethod 2856 0x00000230d5f7ce10 code [0x00000230d5f7cfc0, 0x00000230d5f7d1e8]
Event: 6.615 Thread 0x00000230ed09cde0 2858   !   3       java.lang.invoke.MethodHandles$Lookup::revealDirect (196 bytes)
Event: 6.616 Thread 0x00000230ed09cde0 nmethod 2858 0x00000230d5f7d310 code [0x00000230d5f7d660, 0x00000230d5f7e9e8]
Event: 6.617 Thread 0x00000230ed09cde0 2862       3       java.lang.invoke.AbstractValidatingLambdaMetafactory::checkDescriptor (133 bytes)
Event: 6.618 Thread 0x00000230ed09cde0 nmethod 2862 0x00000230d5f7f110 code [0x00000230d5f7f540, 0x00000230d5f81898]
Event: 6.618 Thread 0x00000230ed09cde0 2859       3       java.lang.invoke.InfoFromMemberName::<init> (72 bytes)
Event: 6.619 Thread 0x00000230ed09cde0 nmethod 2859 0x00000230d5f82410 code [0x00000230d5f825c0, 0x00000230d5f82798]
Event: 6.619 Thread 0x00000230ed09cde0 2860       3       java.lang.invoke.InnerClassLambdaMetafactory::lambdaClassName (57 bytes)
Event: 6.619 Thread 0x00000230ed09cde0 nmethod 2860 0x00000230d5f82890 code [0x00000230d5f82b20, 0x00000230d5f83348]
Event: 6.619 Thread 0x00000230ed09cde0 2861       3       java.lang.invoke.AbstractValidatingLambdaMetafactory::isAdaptableToAsReturn (36 bytes)
Event: 6.619 Thread 0x00000230ed09cde0 nmethod 2861 0x00000230d5f83690 code [0x00000230d5f83860, 0x00000230d5f83d08]
Event: 6.619 Thread 0x00000230ed09cde0 2863       3       java.lang.invoke.AbstractValidatingLambdaMetafactory::isAdaptableToAsReturnStrict (34 bytes)
Event: 6.620 Thread 0x00000230ed09cde0 nmethod 2863 0x00000230d5f83e90 code [0x00000230d5f84060, 0x00000230d5f84608]

GC Heap History (12 events):
Event: 1.054 GC heap before
{Heap before GC invocations=0 (full 0):
 garbage-first heap   total 251904K, used 26624K [0x0000000080000000, 0x0000000100000000)
  region size 1024K, 23 young (23552K), 0 survivors (0K)
 Metaspace       used 10258K, committed 10432K, reserved 1064960K
  class space    used 1058K, committed 1152K, reserved 1048576K
}
Event: 1.059 GC heap after
{Heap after GC invocations=1 (full 0):
 garbage-first heap   total 251904K, used 10230K [0x0000000080000000, 0x0000000100000000)
  region size 1024K, 3 young (3072K), 3 survivors (3072K)
 Metaspace       used 10258K, committed 10432K, reserved 1064960K
  class space    used 1058K, committed 1152K, reserved 1048576K
}
Event: 1.691 GC heap before
{Heap before GC invocations=1 (full 0):
 garbage-first heap   total 251904K, used 39926K [0x0000000080000000, 0x0000000100000000)
  region size 1024K, 31 young (31744K), 3 survivors (3072K)
 Metaspace       used 11199K, committed 11456K, reserved 1064960K
  class space    used 1162K, committed 1280K, reserved 1048576K
}
Event: 1.696 GC heap after
{Heap after GC invocations=2 (full 0):
 garbage-first heap   total 251904K, used 14239K [0x0000000080000000, 0x0000000100000000)
  region size 1024K, 4 young (4096K), 4 survivors (4096K)
 Metaspace       used 11199K, committed 11456K, reserved 1064960K
  class space    used 1162K, committed 1280K, reserved 1048576K
}
Event: 3.354 GC heap before
{Heap before GC invocations=2 (full 0):
 garbage-first heap   total 251904K, used 51103K [0x0000000080000000, 0x0000000100000000)
  region size 1024K, 41 young (41984K), 4 survivors (4096K)
 Metaspace       used 21179K, committed 21504K, reserved 1073152K
  class space    used 2570K, committed 2752K, reserved 1048576K
}
Event: 3.361 GC heap after
{Heap after GC invocations=3 (full 0):
 garbage-first heap   total 251904K, used 18472K [0x0000000080000000, 0x0000000100000000)
  region size 1024K, 9 young (9216K), 9 survivors (9216K)
 Metaspace       used 21179K, committed 21504K, reserved 1073152K
  class space    used 2570K, committed 2752K, reserved 1048576K
}
Event: 4.763 GC heap before
{Heap before GC invocations=4 (full 0):
 garbage-first heap   total 68608K, used 49192K [0x0000000080000000, 0x0000000100000000)
  region size 1024K, 40 young (40960K), 9 survivors (9216K)
 Metaspace       used 25999K, committed 26240K, reserved 1073152K
  class space    used 3405K, committed 3520K, reserved 1048576K
}
Event: 4.771 GC heap after
{Heap after GC invocations=5 (full 0):
 garbage-first heap   total 68608K, used 20577K [0x0000000080000000, 0x0000000100000000)
  region size 1024K, 3 young (3072K), 3 survivors (3072K)
 Metaspace       used 25999K, committed 26240K, reserved 1073152K
  class space    used 3405K, committed 3520K, reserved 1048576K
}
Event: 4.812 GC heap before
{Heap before GC invocations=5 (full 0):
 garbage-first heap   total 68608K, used 21601K [0x0000000080000000, 0x0000000100000000)
  region size 1024K, 4 young (4096K), 3 survivors (3072K)
 Metaspace       used 26144K, committed 26432K, reserved 1073152K
  class space    used 3427K, committed 3584K, reserved 1048576K
}
Event: 4.816 GC heap after
{Heap after GC invocations=6 (full 0):
 garbage-first heap   total 68608K, used 20662K [0x0000000080000000, 0x0000000100000000)
  region size 1024K, 1 young (1024K), 1 survivors (1024K)
 Metaspace       used 26144K, committed 26432K, reserved 1073152K
  class space    used 3427K, committed 3584K, reserved 1048576K
}
Event: 5.799 GC heap before
{Heap before GC invocations=6 (full 0):
 garbage-first heap   total 68608K, used 47286K [0x0000000080000000, 0x0000000100000000)
  region size 1024K, 27 young (27648K), 1 survivors (1024K)
 Metaspace       used 30294K, committed 30528K, reserved 1081344K
  class space    used 4107K, committed 4224K, reserved 1048576K
}
Event: 5.801 GC heap after
{Heap after GC invocations=7 (full 0):
 garbage-first heap   total 68608K, used 21892K [0x0000000080000000, 0x0000000100000000)
  region size 1024K, 2 young (2048K), 2 survivors (2048K)
 Metaspace       used 30294K, committed 30528K, reserved 1081344K
  class space    used 4107K, committed 4224K, reserved 1048576K
}

Dll operation events (2 events):
Event: 0.011 Loaded shared library C:\Program Files\Android\Android Studio\jbr\bin\java.dll
Event: 0.554 Loaded shared library C:\Program Files\Android\Android Studio\jbr\bin\verify.dll

Deoptimization events (20 events):
Event: 4.250 Thread 0x00000230f0071830 DEOPT PACKING pc=0x00000230dd5451b8 sp=0x000000eb0a2fa5b0
Event: 4.250 Thread 0x00000230f0071830 DEOPT UNPACKING pc=0x00000230dcf369a3 sp=0x000000eb0a2fa548 mode 2
Event: 4.568 Thread 0x00000230f0071830 DEOPT PACKING pc=0x00000230d5e33071 sp=0x000000eb0a2fa8e0
Event: 4.568 Thread 0x00000230f0071830 DEOPT UNPACKING pc=0x00000230dcf37143 sp=0x000000eb0a2f9df0 mode 0
Event: 4.573 Thread 0x00000230f0071830 DEOPT PACKING pc=0x00000230d5e33071 sp=0x000000eb0a2fc320
Event: 4.573 Thread 0x00000230f0071830 DEOPT UNPACKING pc=0x00000230dcf37143 sp=0x000000eb0a2fb830 mode 0
Event: 4.587 Thread 0x00000230f0071830 DEOPT PACKING pc=0x00000230d5e33071 sp=0x000000eb0a2fb420
Event: 4.587 Thread 0x00000230f0071830 DEOPT UNPACKING pc=0x00000230dcf37143 sp=0x000000eb0a2fa930 mode 0
Event: 5.176 Thread 0x00000230f0071830 Uncommon trap: trap_request=0xffffff76 fr.pc=0x00000230dd5af70c relative=0x000000000000016c
Event: 5.176 Thread 0x00000230f0071830 Uncommon trap: reason=predicate action=maybe_recompile pc=0x00000230dd5af70c method=com.google.common.base.CharMatcher.indexIn(Ljava/lang/CharSequence;I)I @ 19 c2
Event: 5.176 Thread 0x00000230f0071830 DEOPT PACKING pc=0x00000230dd5af70c sp=0x000000eb0a2fb800
Event: 5.176 Thread 0x00000230f0071830 DEOPT UNPACKING pc=0x00000230dcf369a3 sp=0x000000eb0a2fb790 mode 2
Event: 5.182 Thread 0x00000230f0071830 DEOPT PACKING pc=0x00000230d5da80d4 sp=0x000000eb0a2fbd80
Event: 5.182 Thread 0x00000230f0071830 DEOPT UNPACKING pc=0x00000230dcf37143 sp=0x000000eb0a2fb2d8 mode 0
Event: 5.792 Thread 0x00000230f0071830 Uncommon trap: trap_request=0xffffff45 fr.pc=0x00000230dd4d2408 relative=0x00000000000005c8
Event: 5.792 Thread 0x00000230f0071830 Uncommon trap: reason=unstable_if action=reinterpret pc=0x00000230dd4d2408 method=java.util.HashMap.hash(Ljava/lang/Object;)I @ 1 c2
Event: 5.792 Thread 0x00000230f0071830 DEOPT PACKING pc=0x00000230dd4d2408 sp=0x000000eb0a2f7d10
Event: 5.792 Thread 0x00000230f0071830 DEOPT UNPACKING pc=0x00000230dcf369a3 sp=0x000000eb0a2f7bb8 mode 2
Event: 6.166 Thread 0x00000230f0071830 DEOPT PACKING pc=0x00000230d5e33092 sp=0x000000eb0a2f8aa0
Event: 6.166 Thread 0x00000230f0071830 DEOPT UNPACKING pc=0x00000230dcf37143 sp=0x000000eb0a2f7fb0 mode 0

Classes unloaded (0 events):
No events

Classes redefined (0 events):
No events

Internal exceptions (20 events):
Event: 5.236 Thread 0x00000230f0071830 Exception <a 'java/lang/NoSuchMethodError'{0x00000000836226c8}: 'int java.lang.invoke.DirectMethodHandle$Holder.invokeVirtual(java.lang.Object, java.lang.Object, java.lang.Object)'> (0x00000000836226c8) 
thrown [s\src\hotspot\share\interpreter\linkResolver.cpp, line 771]
Event: 5.591 Thread 0x00000230f0071830 Exception <a 'java/lang/NoSuchMethodError'{0x0000000082d9f718}: 'java.lang.Object java.lang.invoke.DirectMethodHandle$Holder.invokeSpecialIFC(java.lang.Object, java.lang.Object, java.lang.Object, java.lang.Object)'> (0x0000000082d9f718) 
thrown [s\src\hotspot\share\interpreter\linkResolver.cpp, line 771]
Event: 5.792 Thread 0x00000230f0071830 Implicit null exception at 0x00000230dd4d1e8c to 0x00000230dd4d23e8
Event: 5.869 Thread 0x00000230f0071830 Exception <a 'java/lang/NoSuchMethodError'{0x000000008cb190b0}: 'java.lang.Object java.lang.invoke.DirectMethodHandle$Holder.invokeSpecial(java.lang.Object, java.lang.Object, java.lang.Object, java.lang.Object, java.lang.Object, java.lang.Object, java.lang.Object, java.lang.Object, java.lang.Object, java.lang.Object, java.lang.Object, java.lang.Object, java.lang.Object)'> (0x000000008cb190b0) 
thrown [s\src\hotspot\share\interpreter\linkResolver.cpp, line 771]
Event: 5.870 Thread 0x00000230f0071830 Exception <a 'java/lang/NoSuchMethodError'{0x000000008cb2a430}: 'java.lang.Object java.lang.invoke.DirectMethodHandle$Holder.newInvokeSpecial(java.lang.Object, java.lang.Object, java.lang.Object, java.lang.Object, java.lang.Object, java.lang.Object, java.lang.Object, java.lang.Object, java.lang.Object, java.lang.Object, java.lang.Object)'> (0x000000008cb2a430) 
thrown [s\src\hotspot\share\interpreter\linkResolver.cpp, line 771]
Event: 5.871 Thread 0x00000230f0071830 Exception <a 'java/lang/NoSuchMethodError'{0x000000008cb2f4c8}: 'java.lang.Object java.lang.invoke.Invokers$Holder.linkToTargetMethod(java.lang.Object, java.lang.Object, java.lang.Object, java.lang.Object, java.lang.Object, java.lang.Object, java.lang.Object, java.lang.Object, java.lang.Object, java.lang.Object, java.lang.Object)'> (0x000000008cb2f4c8) 
thrown [s\src\hotspot\share\interpreter\linkResolver.cpp, line 771]
Event: 5.884 Thread 0x00000230f0071830 Exception <a 'java/lang/NoSuchMethodError'{0x000000008cb79f88}: 'java.lang.Object java.lang.invoke.DirectMethodHandle$Holder.invokeSpecial(java.lang.Object, java.lang.Object, java.lang.Object, java.lang.Object, java.lang.Object, java.lang.Object, java.lang.Object, java.lang.Object, java.lang.Object, java.lang.Object, java.lang.Object, java.lang.Object, java.lang.Object, java.lang.Object)'> (0x000000008cb79f88) 
thrown [s\src\hotspot\share\interpreter\linkResolver.cpp, line 771]
Event: 5.885 Thread 0x00000230f0071830 Exception <a 'java/lang/NoSuchMethodError'{0x000000008cb8c308}: 'java.lang.Object java.lang.invoke.DirectMethodHandle$Holder.newInvokeSpecial(java.lang.Object, java.lang.Object, java.lang.Object, java.lang.Object, java.lang.Object, java.lang.Object, java.lang.Object, java.lang.Object, java.lang.Object, java.lang.Object, java.lang.Object, java.lang.Object)'> (0x000000008cb8c308) 
thrown [s\src\hotspot\share\interpreter\linkResolver.cpp, line 771]
Event: 5.886 Thread 0x00000230f0071830 Exception <a 'java/lang/NoSuchMethodError'{0x000000008cb91ca0}: 'java.lang.Object java.lang.invoke.Invokers$Holder.linkToTargetMethod(java.lang.Object, java.lang.Object, java.lang.Object, java.lang.Object, java.lang.Object, java.lang.Object, java.lang.Object, java.lang.Object, java.lang.Object, java.lang.Object, java.lang.Object, java.lang.Object)'> (0x000000008cb91ca0) 
thrown [s\src\hotspot\share\interpreter\linkResolver.cpp, line 771]
Event: 5.906 Thread 0x00000230f0071830 Exception <a 'java/lang/NoSuchMethodError'{0x000000008ca27240}: 'java.lang.Object java.lang.invoke.DirectMethodHandle$Holder.invokeStaticInit(java.lang.Object, java.lang.Object, java.lang.Object, java.lang.Object)'> (0x000000008ca27240) 
thrown [s\src\hotspot\share\interpreter\linkResolver.cpp, line 771]
Event: 6.242 Thread 0x00000230f0071830 Exception <a 'java/lang/NoSuchMethodError'{0x0000000083693900}: 'java.lang.Object java.lang.invoke.DirectMethodHandle$Holder.newInvokeSpecial(java.lang.Object, java.lang.Object, java.lang.Object, java.lang.Object, java.lang.Object, java.lang.Object, java.lang.Object, java.lang.Object)'> (0x0000000083693900) 
thrown [s\src\hotspot\share\interpreter\linkResolver.cpp, line 771]
Event: 6.243 Thread 0x00000230f0071830 Exception <a 'java/lang/NoSuchMethodError'{0x00000000836996e0}: 'java.lang.Object java.lang.invoke.Invokers$Holder.linkToTargetMethod(java.lang.Object, java.lang.Object, java.lang.Object, java.lang.Object, java.lang.Object, java.lang.Object, java.lang.Object, java.lang.Object)'> (0x00000000836996e0) 
thrown [s\src\hotspot\share\interpreter\linkResolver.cpp, line 771]
Event: 6.256 Thread 0x00000230f0071830 Exception <a 'java/lang/IncompatibleClassChangeError'{0x00000000836fd8f0}: Found class java.lang.Object, but interface was expected> (0x00000000836fd8f0) 
thrown [s\src\hotspot\share\interpreter\linkResolver.cpp, line 838]
Event: 6.498 Thread 0x00000230f0071830 Exception <a 'java/lang/NoSuchMethodError'{0x0000000082f35ec8}: 'int java.lang.invoke.DirectMethodHandle$Holder.invokeStaticInit(java.lang.Object, java.lang.Object, java.lang.Object)'> (0x0000000082f35ec8) 
thrown [s\src\hotspot\share\interpreter\linkResolver.cpp, line 771]
Event: 6.501 Thread 0x00000230f0071830 Exception <a 'java/lang/NoSuchMethodError'{0x0000000082f4b0d8}: 'java.lang.Object java.lang.invoke.DirectMethodHandle$Holder.newInvokeSpecial(java.lang.Object, java.lang.Object, long)'> (0x0000000082f4b0d8) 
thrown [s\src\hotspot\share\interpreter\linkResolver.cpp, line 771]
Event: 6.502 Thread 0x00000230f0071830 Exception <a 'java/lang/NoSuchMethodError'{0x0000000082f4f6e8}: 'java.lang.Object java.lang.invoke.Invokers$Holder.linkToTargetMethod(java.lang.Object, long, java.lang.Object)'> (0x0000000082f4f6e8) 
thrown [s\src\hotspot\share\interpreter\linkResolver.cpp, line 771]
Event: 6.536 Thread 0x00000230f0071830 Exception <a 'java/lang/NoSuchMethodError'{0x0000000082e4fd58}: 'int java.lang.invoke.DirectMethodHandle$Holder.invokeInterface(java.lang.Object, java.lang.Object)'> (0x0000000082e4fd58) 
thrown [s\src\hotspot\share\interpreter\linkResolver.cpp, line 771]
Event: 6.542 Thread 0x00000230f0071830 Exception <a 'java/lang/NoSuchMethodError'{0x0000000082e740f0}: 'java.lang.Object java.lang.invoke.DirectMethodHandle$Holder.invokeStatic(java.lang.Object, java.lang.Object, int, java.lang.Object)'> (0x0000000082e740f0) 
thrown [s\src\hotspot\share\interpreter\linkResolver.cpp, line 771]
Event: 6.542 Thread 0x00000230f0071830 Exception <a 'java/lang/NoSuchMethodError'{0x0000000082e7bca8}: 'java.lang.Object java.lang.invoke.DirectMethodHandle$Holder.newInvokeSpecial(java.lang.Object, java.lang.Object, int, java.lang.Object)'> (0x0000000082e7bca8) 
thrown [s\src\hotspot\share\interpreter\linkResolver.cpp, line 771]
Event: 6.543 Thread 0x00000230f0071830 Exception <a 'java/lang/NoSuchMethodError'{0x0000000082e80590}: 'java.lang.Object java.lang.invoke.DirectMethodHandle$Holder.invokeSpecial(java.lang.Object, java.lang.Object, java.lang.Object, int, java.lang.Object)'> (0x0000000082e80590) 
thrown [s\src\hotspot\share\interpreter\linkResolver.cpp, line 771]

VM Operations (20 events):
Event: 3.702 Executing VM operation: HandshakeAllThreads
Event: 3.702 Executing VM operation: HandshakeAllThreads done
Event: 3.703 Executing VM operation: HandshakeAllThreads
Event: 3.703 Executing VM operation: HandshakeAllThreads done
Event: 4.713 Executing VM operation: Cleanup
Event: 4.713 Executing VM operation: Cleanup done
Event: 4.763 Executing VM operation: G1CollectForAllocation
Event: 4.771 Executing VM operation: G1CollectForAllocation done
Event: 4.812 Executing VM operation: G1CollectForAllocation
Event: 4.816 Executing VM operation: G1CollectForAllocation done
Event: 5.797 Executing VM operation: HandshakeAllThreads
Event: 5.797 Executing VM operation: HandshakeAllThreads done
Event: 5.799 Executing VM operation: G1CollectForAllocation
Event: 5.801 Executing VM operation: G1CollectForAllocation done
Event: 6.232 Executing VM operation: HandshakeAllThreads
Event: 6.232 Executing VM operation: HandshakeAllThreads done
Event: 6.559 Executing VM operation: HandshakeAllThreads
Event: 6.559 Executing VM operation: HandshakeAllThreads done
Event: 6.561 Executing VM operation: HandshakeAllThreads
Event: 6.561 Executing VM operation: HandshakeAllThreads done

Events (20 events):
Event: 6.478 loading class java/lang/ProcessBuilder
Event: 6.479 loading class java/lang/ProcessBuilder done
Event: 6.516 loading class java/nio/file/FileTreeWalker
Event: 6.516 loading class java/nio/file/FileTreeWalker done
Event: 6.517 loading class java/nio/file/FileTreeWalker$DirectoryNode
Event: 6.517 loading class java/nio/file/FileTreeWalker$DirectoryNode done
Event: 6.517 loading class java/nio/file/FileTreeWalker$Event
Event: 6.517 loading class java/nio/file/FileTreeWalker$Event done
Event: 6.517 loading class java/nio/file/FileTreeWalker$EventType
Event: 6.517 loading class java/nio/file/FileTreeWalker$EventType done
Event: 6.518 loading class java/nio/file/Files$3
Event: 6.518 loading class java/nio/file/Files$3 done
Event: 6.519 loading class java/nio/file/FileVisitResult
Event: 6.519 loading class java/nio/file/FileVisitResult done
Event: 6.545 Thread 0x00000230f0e33970 Thread added: 0x00000230f0e33970
Event: 6.546 loading class sun/nio/fs/WindowsPath$1
Event: 6.546 loading class sun/nio/fs/WindowsPath$1 done
Event: 6.573 loading class java/nio/charset/CharacterCodingException
Event: 6.573 loading class java/nio/charset/CharacterCodingException done
Event: 6.621 Thread 0x00000230f0e37cd0 Thread added: 0x00000230f0e37cd0


Dynamic libraries:
0x00007ff606600000 - 0x00007ff60660a000 	C:\Program Files\Android\Android Studio\jbr\bin\java.exe
0x00007fff69410000 - 0x00007fff69626000 	C:\Windows\SYSTEM32\ntdll.dll
0x00007fff682b0000 - 0x00007fff68374000 	C:\Windows\System32\KERNEL32.DLL
0x00007fff66ab0000 - 0x00007fff66e57000 	C:\Windows\System32\KERNELBASE.dll
0x00007fff66ed0000 - 0x00007fff66fe1000 	C:\Windows\System32\ucrtbase.dll
0x00007fff5b120000 - 0x00007fff5b137000 	C:\Program Files\Android\Android Studio\jbr\bin\jli.dll
0x00007fff599a0000 - 0x00007fff599bb000 	C:\Program Files\Android\Android Studio\jbr\bin\VCRUNTIME140.dll
0x00007fff68730000 - 0x00007fff688de000 	C:\Windows\System32\USER32.dll
0x00007fff66a80000 - 0x00007fff66aa6000 	C:\Windows\System32\win32u.dll
0x00007fff45db0000 - 0x00007fff46043000 	C:\Windows\WinSxS\amd64_microsoft.windows.common-controls_6595b64144ccf1df_6.0.22621.3235_none_270f74e173860f98\COMCTL32.dll
0x00007fff67670000 - 0x00007fff67699000 	C:\Windows\System32\GDI32.dll
0x00007fff688f0000 - 0x00007fff68997000 	C:\Windows\System32\msvcrt.dll
0x00007fff66730000 - 0x00007fff66849000 	C:\Windows\System32\gdi32full.dll
0x00007fff66ff0000 - 0x00007fff6708a000 	C:\Windows\System32\msvcp_win.dll
0x00007fff68b30000 - 0x00007fff68b61000 	C:\Windows\System32\IMM32.DLL
0x00007fff5b190000 - 0x00007fff5b19c000 	C:\Program Files\Android\Android Studio\jbr\bin\vcruntime140_1.dll
0x00007fff54fc0000 - 0x00007fff5504d000 	C:\Program Files\Android\Android Studio\jbr\bin\msvcp140.dll
0x00007fff27bf0000 - 0x00007fff2885d000 	C:\Program Files\Android\Android Studio\jbr\bin\server\jvm.dll
0x00007fff68670000 - 0x00007fff68722000 	C:\Windows\System32\ADVAPI32.dll
0x00007fff68200000 - 0x00007fff682a8000 	C:\Windows\System32\sechost.dll
0x00007fff67110000 - 0x00007fff67138000 	C:\Windows\System32\bcrypt.dll
0x00007fff676a0000 - 0x00007fff677b5000 	C:\Windows\System32\RPCRT4.dll
0x00007fff4f710000 - 0x00007fff4f719000 	C:\Windows\SYSTEM32\WSOCK32.dll
0x00007fff5e010000 - 0x00007fff5e044000 	C:\Windows\SYSTEM32\WINMM.dll
0x00007fff602e0000 - 0x00007fff602ea000 	C:\Windows\SYSTEM32\VERSION.dll
0x00007fff67140000 - 0x00007fff671b1000 	C:\Windows\System32\WS2_32.dll
0x00007fff656d0000 - 0x00007fff656e8000 	C:\Windows\SYSTEM32\kernel.appcore.dll
0x00007fff62520000 - 0x00007fff6252a000 	C:\Program Files\Android\Android Studio\jbr\bin\jimage.dll
0x00007fff59e30000 - 0x00007fff5a063000 	C:\Windows\SYSTEM32\DBGHELP.DLL
0x00007fff67e70000 - 0x00007fff681f8000 	C:\Windows\System32\combase.dll
0x00007fff68a50000 - 0x00007fff68b27000 	C:\Windows\System32\OLEAUT32.dll
0x00007fff5a3a0000 - 0x00007fff5a3d2000 	C:\Windows\SYSTEM32\dbgcore.DLL
0x00007fff67090000 - 0x00007fff67109000 	C:\Windows\System32\bcryptPrimitives.dll
0x00007fff5ea50000 - 0x00007fff5ea75000 	C:\Program Files\Android\Android Studio\jbr\bin\java.dll
0x00007fff61f60000 - 0x00007fff61f78000 	C:\Program Files\Android\Android Studio\jbr\bin\zip.dll
0x00007fff68b70000 - 0x00007fff693cc000 	C:\Windows\System32\SHELL32.dll
0x00007fff64610000 - 0x00007fff64f09000 	C:\Windows\SYSTEM32\windows.storage.dll
0x00007fff644d0000 - 0x00007fff6460e000 	C:\Windows\SYSTEM32\wintypes.dll
0x00007fff67920000 - 0x00007fff67a13000 	C:\Windows\System32\SHCORE.dll
0x00007fff68390000 - 0x00007fff683ee000 	C:\Windows\System32\shlwapi.dll
0x00007fff66660000 - 0x00007fff66681000 	C:\Windows\SYSTEM32\profapi.dll
0x00007fff61c10000 - 0x00007fff61c29000 	C:\Program Files\Android\Android Studio\jbr\bin\net.dll
0x00007fff60180000 - 0x00007fff602b6000 	C:\Windows\SYSTEM32\WINHTTP.dll
0x00007fff65b90000 - 0x00007fff65bf9000 	C:\Windows\system32\mswsock.dll
0x00007fff5b1f0000 - 0x00007fff5b206000 	C:\Program Files\Android\Android Studio\jbr\bin\nio.dll
0x00007fff5dda0000 - 0x00007fff5ddb0000 	C:\Program Files\Android\Android Studio\jbr\bin\verify.dll
0x00007fff551c0000 - 0x00007fff551e7000 	C:\Users\manht\.gradle\native\68d5fa5c4cc2d200863cafc0d521ce42e7d3e7ee720ec0a83991735586a16f82\windows-amd64\native-platform.dll
0x00007fff35120000 - 0x00007fff35264000 	C:\Users\manht\.gradle\native\e376f236ea51e6404a007f0833ffe2c6e607c4080706a723a18a27aeea778392\windows-amd64\native-platform-file-events.dll
0x00007fff5e9f0000 - 0x00007fff5e9f9000 	C:\Program Files\Android\Android Studio\jbr\bin\management.dll
0x00007fff5e9c0000 - 0x00007fff5e9cb000 	C:\Program Files\Android\Android Studio\jbr\bin\management_ext.dll
0x00007fff67e00000 - 0x00007fff67e08000 	C:\Windows\System32\PSAPI.DLL
0x00007fff65ee0000 - 0x00007fff65efb000 	C:\Windows\SYSTEM32\CRYPTSP.dll
0x00007fff65690000 - 0x00007fff656c5000 	C:\Windows\system32\rsaenh.dll
0x00007fff65c30000 - 0x00007fff65c58000 	C:\Windows\SYSTEM32\USERENV.dll
0x00007fff65ec0000 - 0x00007fff65ecc000 	C:\Windows\SYSTEM32\CRYPTBASE.dll
0x00007fff65160000 - 0x00007fff6518d000 	C:\Windows\SYSTEM32\IPHLPAPI.DLL
0x00007fff671c0000 - 0x00007fff671c9000 	C:\Windows\System32\NSI.dll
0x00007fff602f0000 - 0x00007fff60309000 	C:\Windows\SYSTEM32\dhcpcsvc6.DLL
0x00007fff60110000 - 0x00007fff6012f000 	C:\Windows\SYSTEM32\dhcpcsvc.DLL
0x00007fff65190000 - 0x00007fff65289000 	C:\Windows\SYSTEM32\DNSAPI.dll
0x00007fff5bd80000 - 0x00007fff5bd88000 	C:\Windows\system32\wshunix.dll

dbghelp: loaded successfully - version: 4.0.5 - missing functions: none
symbol engine: initialized successfully - sym options: 0x614 - pdb path: .;C:\Program Files\Android\Android Studio\jbr\bin;C:\Windows\SYSTEM32;C:\Windows\WinSxS\amd64_microsoft.windows.common-controls_6595b64144ccf1df_6.0.22621.3235_none_270f74e173860f98;C:\Program Files\Android\Android Studio\jbr\bin\server;C:\Users\manht\.gradle\native\68d5fa5c4cc2d200863cafc0d521ce42e7d3e7ee720ec0a83991735586a16f82\windows-amd64;C:\Users\manht\.gradle\native\e376f236ea51e6404a007f0833ffe2c6e607c4080706a723a18a27aeea778392\windows-amd64

VM Arguments:
jvm_args: --add-opens=java.base/java.util=ALL-UNNAMED --add-opens=java.base/java.lang=ALL-UNNAMED --add-opens=java.base/java.lang.invoke=ALL-UNNAMED --add-opens=java.prefs/java.util.prefs=ALL-UNNAMED --add-opens=java.base/java.nio.charset=ALL-UNNAMED --add-opens=java.base/java.net=ALL-UNNAMED --add-opens=java.base/java.util.concurrent.atomic=ALL-UNNAMED -Xmx2048m -Dfile.encoding=UTF-8 -Duser.country=US -Duser.language=en -Duser.variant 
java_command: org.gradle.launcher.daemon.bootstrap.GradleDaemon 8.0
java_class_path (initial): C:\Users\manht\.gradle\wrapper\dists\gradle-8.0-bin\ca5e32bp14vu59qr306oxotwh\gradle-8.0\lib\gradle-launcher-8.0.jar
Launcher Type: SUN_STANDARD

[Global flags]
     intx CICompilerCount                          = 4                                         {product} {ergonomic}
     uint ConcGCThreads                            = 3                                         {product} {ergonomic}
     uint G1ConcRefinementThreads                  = 10                                        {product} {ergonomic}
   size_t G1HeapRegionSize                         = 1048576                                   {product} {ergonomic}
    uintx GCDrainStackTargetSize                   = 64                                        {product} {ergonomic}
   size_t InitialHeapSize                          = 257949696                                 {product} {ergonomic}
   size_t MarkStackSize                            = 4194304                                   {product} {ergonomic}
   size_t MaxHeapSize                              = 2147483648                                {product} {command line}
   size_t MaxNewSize                               = 1287651328                                {product} {ergonomic}
   size_t MinHeapDeltaBytes                        = 1048576                                   {product} {ergonomic}
   size_t MinHeapSize                              = 8388608                                   {product} {ergonomic}
    uintx NonNMethodCodeHeapSize                   = 5839372                                {pd product} {ergonomic}
    uintx NonProfiledCodeHeapSize                  = 122909434                              {pd product} {ergonomic}
    uintx ProfiledCodeHeapSize                     = 122909434                              {pd product} {ergonomic}
    uintx ReservedCodeCacheSize                    = 251658240                              {pd product} {ergonomic}
     bool SegmentedCodeCache                       = true                                      {product} {ergonomic}
   size_t SoftMaxHeapSize                          = 2147483648                             {manageable} {ergonomic}
     bool UseCompressedClassPointers               = true                           {product lp64_product} {ergonomic}
     bool UseCompressedOops                        = true                           {product lp64_product} {ergonomic}
     bool UseG1GC                                  = true                                      {product} {ergonomic}
     bool UseLargePagesIndividualAllocation        = false                                  {pd product} {ergonomic}

Logging:
Log output configuration:
 #0: stdout all=warning uptime,level,tags
 #1: stderr all=off uptime,level,tags

Environment Variables:
JAVA_HOME=C:\Program Files\Java\jdk-20
PATH=E:\Oracle\product\19c\db_home1\bin;C:\Program Files\Common Files\Oracle\Java\javapath;C:\Windows\system32;C:\Windows;C:\Windows\System32\Wbem;C:\Windows\System32\WindowsPowerShell\v1.0\;C:\Windows\System32\OpenSSH\;C:\Program Files\Git\cmd;C:\Users\manht\flutter\bin;C:\Program Files\dotnet\;C:\Program Files\Microsoft SQL Server\150\Tools\Binn\;C:\Program Files\Microsoft SQL Server\Client SDK\ODBC\170\Tools\Binn\;C:\Program Files (x86)\Microsoft SQL Server\160\Tools\Binn\;C:\Program Files\Microsoft SQL Server\160\Tools\Binn\;C:\Program Files\Microsoft SQL Server\160\DTS\Binn\;C:\xampp\php;C:\ProgramData\ComposerSetup\bin;C:\Program Files\nodejs\;C:\ProgramData\chocolatey\bin;C:\Program Files\Cloudflare\Cloudflare WARP\;C:\Program Files\R\R-4.3.2\bin;C:\Program Files (x86)\Windows Kits\10\bin\x64;C:\Program Files (x86)\Microsoft Visual Studio\2022\BuildTools\MSBuild\Current\Bin;C:\Python312\Scripts;C:\Program Files (x86)\Microsoft SQL Server\160\DTS\Binn\;C:\Program Files\Microsoft SQL Server\130\DTS\Binn\;C:\Program Files\Microsoft SQL Server\140\DTS\Binn\;C:\Program Files\Microsoft SQL Server\150\DTS\Binn\;C:\Program Files\MySQL\MySQL Shell 8.0\bin\;C:\Users\manht\anaconda3;C:\Users\manht\anaconda3\Library\mingw-w64\bin;C:\Users\manht\anaconda3\Library\usr\bin;C:\Users\manht\anaconda3\Library\bin;C:\Users\manht\anaconda3\Scripts;C:\Python312\Scripts;C:\Python312\;C:\Users\manht\AppData\Local\Programs\Python\Python312\Scripts\;C:\Users\manht\AppData\Local\Programs\Python\Python312\;C:\Users\manht\flutter\bin;C:\Users\manht\AppData\Local\Microsoft\WindowsApps;C:\Users\manht\flutter\bin;C:\Program Files\JetBrains\DataGrip 2023.1.2\bin;;C:\Users\manht\AppData\Local\GitHubDesktop\bin;C:\Users\manht\.dotnet\tools;C:\Program Files\JetBrains\PhpStorm 2023.2.2\bin;;C:\Program Files\Azure Data Studio\bin;C:\Users\manht\AppData\Roaming\Composer\vendor\bin;C:\xampp\php;C:\Users\manht\AppData\Roaming\npm;C:\Users\manht\AppData\Local\Android\Sdk\platform-tools;C:\Program Files\
USERNAME=manht
OS=Windows_NT
PROCESSOR_IDENTIFIER=AMD64 Family 23 Model 104 Stepping 1, AuthenticAMD
TMP=C:\Users\manht\AppData\Local\Temp
TEMP=C:\Users\manht\AppData\Local\Temp



---------------  S Y S T E M  ---------------

OS:
 Windows 11 , 64 bit Build 22621 (10.0.22621.3374)
OS uptime: 0 days 3:24 hours
Hyper-V role detected

CPU: total 12 (initial active 12) (12 cores per cpu, 2 threads per core) family 23 model 104 stepping 1 microcode 0x0, cx8, cmov, fxsr, ht, mmx, 3dnowpref, sse, sse2, sse3, ssse3, sse4a, sse4.1, sse4.2, popcnt, lzcnt, tsc, tscinvbit, avx, avx2, aes, clmul, bmi1, bmi2, adx, sha, fma, vzeroupper, clflush, clflushopt, hv

Memory: 4k page, system-wide physical 15733M (340M free)
TotalPageFile size 32499M (AvailPageFile size 59M)
current process WorkingSet (physical memory assigned to process): 182M, peak: 182M
current process commit charge ("private bytes"): 227M, peak: 391M

vm_info: OpenJDK 64-Bit Server VM (17.0.6+0-b2043.56-9586694) for windows-amd64 JRE (17.0.6+0-b2043.56-9586694), built on Feb  9 2023 20:06:20 by "androidbuild" with MS VC++ 16.10 / 16.11 (VS2019)

END.
